Analysis & Synthesis report for QuadraAprox
Sun Apr 13 15:51:27 2025
Quartus Prime Version 23.1std.0 Build 991 11/28/2023 SC Lite Edition


---------------------
; Table of Contents ;
---------------------
  1. Legal Notice
  2. Analysis & Synthesis Summary
  3. Analysis & Synthesis Settings
  4. Parallel Compilation
  5. Analysis & Synthesis Source Files Read
  6. Analysis & Synthesis Resource Usage Summary
  7. Analysis & Synthesis Resource Utilization by Entity
  8. General Register Statistics
  9. Port Connectivity Checks: "quadra:quadra_inst"
 10. Post-Synthesis Netlist Statistics for Top Partition
 11. Elapsed Time Per Partition
 12. Analysis & Synthesis Messages



----------------
; Legal Notice ;
----------------
Copyright (C) 2023  Intel Corporation. All rights reserved.
Your use of Intel Corporation's design tools, logic functions 
and other software and tools, and any partner logic 
functions, and any output files from any of the foregoing 
(including device programming or simulation files), and any 
associated documentation or information are expressly subject 
to the terms and conditions of the Intel Program License 
Subscription Agreement, the Intel Quartus Prime License Agreement,
the Intel FPGA IP License Agreement, or other applicable license
agreement, including, without limitation, that your use is for
the sole purpose of programming logic devices manufactured by
Intel and sold by Intel or its authorized distributors.  Please
refer to the applicable agreement for further details, at
https://fpgasoftware.intel.com/eula.



+-------------------------------------------------------------------------------------+
; Analysis & Synthesis Summary                                                        ;
+------------------------------------+------------------------------------------------+
; Analysis & Synthesis Status        ; Successful - Sun Apr 13 15:51:27 2025          ;
; Quartus Prime Version              ; 23.1std.0 Build 991 11/28/2023 SC Lite Edition ;
; Revision Name                      ; QuadraAprox                                    ;
; Top-level Entity Name              ; quadra_top                                     ;
; Family                             ; MAX 10                                         ;
; Total logic elements               ; 3                                              ;
;     Total combinational functions  ; 3                                              ;
;     Dedicated logic registers      ; 3                                              ;
; Total registers                    ; 3                                              ;
; Total pins                         ; 52                                             ;
; Total virtual pins                 ; 0                                              ;
; Total memory bits                  ; 0                                              ;
; Embedded Multiplier 9-bit elements ; 0                                              ;
; Total PLLs                         ; 0                                              ;
; UFM blocks                         ; 0                                              ;
; ADC blocks                         ; 0                                              ;
+------------------------------------+------------------------------------------------+


+------------------------------------------------------------------------------------------------------------+
; Analysis & Synthesis Settings                                                                              ;
+------------------------------------------------------------------+--------------------+--------------------+
; Option                                                           ; Setting            ; Default Value      ;
+------------------------------------------------------------------+--------------------+--------------------+
; Device                                                           ; 10M08DAF484C8G     ;                    ;
; Top-level entity name                                            ; quadra_top         ; QuadraAprox        ;
; Family name                                                      ; MAX 10             ; Cyclone V          ;
; Verilog Show LMF Mapping Messages                                ; Off                ;                    ;
; Verilog Version                                                  ; SystemVerilog_2005 ; Verilog_2001       ;
; Use smart compilation                                            ; Off                ; Off                ;
; Enable parallel Assembler and Timing Analyzer during compilation ; On                 ; On                 ;
; Enable compact report table                                      ; Off                ; Off                ;
; Restructure Multiplexers                                         ; Auto               ; Auto               ;
; Create Debugging Nodes for IP Cores                              ; Off                ; Off                ;
; Preserve fewer node names                                        ; On                 ; On                 ;
; Intel FPGA IP Evaluation Mode                                    ; Enable             ; Enable             ;
; VHDL Version                                                     ; VHDL_1993          ; VHDL_1993          ;
; State Machine Processing                                         ; Auto               ; Auto               ;
; Safe State Machine                                               ; Off                ; Off                ;
; Extract Verilog State Machines                                   ; On                 ; On                 ;
; Extract VHDL State Machines                                      ; On                 ; On                 ;
; Ignore Verilog initial constructs                                ; Off                ; Off                ;
; Iteration limit for constant Verilog loops                       ; 5000               ; 5000               ;
; Iteration limit for non-constant Verilog loops                   ; 250                ; 250                ;
; Add Pass-Through Logic to Inferred RAMs                          ; On                 ; On                 ;
; Infer RAMs from Raw Logic                                        ; On                 ; On                 ;
; Parallel Synthesis                                               ; On                 ; On                 ;
; DSP Block Balancing                                              ; Auto               ; Auto               ;
; NOT Gate Push-Back                                               ; On                 ; On                 ;
; Power-Up Don't Care                                              ; On                 ; On                 ;
; Remove Redundant Logic Cells                                     ; Off                ; Off                ;
; Remove Duplicate Registers                                       ; On                 ; On                 ;
; Ignore CARRY Buffers                                             ; Off                ; Off                ;
; Ignore CASCADE Buffers                                           ; Off                ; Off                ;
; Ignore GLOBAL Buffers                                            ; Off                ; Off                ;
; Ignore ROW GLOBAL Buffers                                        ; Off                ; Off                ;
; Ignore LCELL Buffers                                             ; Off                ; Off                ;
; Ignore SOFT Buffers                                              ; On                 ; On                 ;
; Limit AHDL Integers to 32 Bits                                   ; Off                ; Off                ;
; Optimization Technique                                           ; Balanced           ; Balanced           ;
; Carry Chain Length                                               ; 70                 ; 70                 ;
; Auto Carry Chains                                                ; On                 ; On                 ;
; Auto Open-Drain Pins                                             ; On                 ; On                 ;
; Perform WYSIWYG Primitive Resynthesis                            ; Off                ; Off                ;
; Auto ROM Replacement                                             ; On                 ; On                 ;
; Auto RAM Replacement                                             ; On                 ; On                 ;
; Auto DSP Block Replacement                                       ; On                 ; On                 ;
; Auto Shift Register Replacement                                  ; Auto               ; Auto               ;
; Allow Shift Register Merging across Hierarchies                  ; Auto               ; Auto               ;
; Auto Clock Enable Replacement                                    ; On                 ; On                 ;
; Strict RAM Replacement                                           ; Off                ; Off                ;
; Allow Synchronous Control Signals                                ; On                 ; On                 ;
; Force Use of Synchronous Clear Signals                           ; Off                ; Off                ;
; Auto RAM Block Balancing                                         ; On                 ; On                 ;
; Auto RAM to Logic Cell Conversion                                ; Off                ; Off                ;
; Auto Resource Sharing                                            ; Off                ; Off                ;
; Allow Any RAM Size For Recognition                               ; Off                ; Off                ;
; Allow Any ROM Size For Recognition                               ; Off                ; Off                ;
; Allow Any Shift Register Size For Recognition                    ; Off                ; Off                ;
; Use LogicLock Constraints during Resource Balancing              ; On                 ; On                 ;
; Ignore translate_off and synthesis_off directives                ; Off                ; Off                ;
; Timing-Driven Synthesis                                          ; On                 ; On                 ;
; Report Parameter Settings                                        ; On                 ; On                 ;
; Report Source Assignments                                        ; On                 ; On                 ;
; Report Connectivity Checks                                       ; On                 ; On                 ;
; Ignore Maximum Fan-Out Assignments                               ; Off                ; Off                ;
; Synchronization Register Chain Length                            ; 2                  ; 2                  ;
; Power Optimization During Synthesis                              ; Normal compilation ; Normal compilation ;
; HDL message level                                                ; Level2             ; Level2             ;
; Suppress Register Optimization Related Messages                  ; Off                ; Off                ;
; Number of Removed Registers Reported in Synthesis Report         ; 5000               ; 5000               ;
; Number of Swept Nodes Reported in Synthesis Report               ; 5000               ; 5000               ;
; Number of Inverted Registers Reported in Synthesis Report        ; 100                ; 100                ;
; Clock MUX Protection                                             ; On                 ; On                 ;
; Auto Gated Clock Conversion                                      ; Off                ; Off                ;
; Block Design Naming                                              ; Auto               ; Auto               ;
; SDC constraint protection                                        ; Off                ; Off                ;
; Synthesis Effort                                                 ; Auto               ; Auto               ;
; Shift Register Replacement - Allow Asynchronous Clear Signal     ; On                 ; On                 ;
; Pre-Mapping Resynthesis Optimization                             ; Off                ; Off                ;
; Analysis & Synthesis Message Level                               ; Medium             ; Medium             ;
; Disable Register Merging Across Hierarchies                      ; Auto               ; Auto               ;
; Resource Aware Inference For Block RAM                           ; On                 ; On                 ;
+------------------------------------------------------------------+--------------------+--------------------+


+------------------------------------------+
; Parallel Compilation                     ;
+----------------------------+-------------+
; Processors                 ; Number      ;
+----------------------------+-------------+
; Number detected on machine ; 16          ;
; Maximum allowed            ; 16          ;
;                            ;             ;
; Average used               ; 1.00        ;
; Maximum used               ; 16          ;
;                            ;             ;
; Usage by Processor         ; % Time Used ;
;     Processor 1            ; 100.0%      ;
;     Processors 2-16        ;   0.0%      ;
+----------------------------+-------------+


+-----------------------------------------------------------------------------------------------------------------------------------------------------------+
; Analysis & Synthesis Source Files Read                                                                                                                    ;
+----------------------------------+-----------------+------------------------------+-------------------------------------------------------------+---------+
; File Name with User-Entered Path ; Used in Netlist ; File Type                    ; File Name with Absolute Path                                ; Library ;
+----------------------------------+-----------------+------------------------------+-------------------------------------------------------------+---------+
; src/quadra.vh                    ; yes             ; User Unspecified File        ; E:/Intel_interview/rtl-model/quadra_aprox/src/quadra.vh     ;         ;
; src/quadra.v                     ; yes             ; User Verilog HDL File        ; E:/Intel_interview/rtl-model/quadra_aprox/src/quadra.v      ;         ;
; src/square.sv                    ; yes             ; User SystemVerilog HDL File  ; E:/Intel_interview/rtl-model/quadra_aprox/src/square.sv     ;         ;
; src/quadra_top.sv                ; yes             ; User SystemVerilog HDL File  ; E:/Intel_interview/rtl-model/quadra_aprox/src/quadra_top.sv ;         ;
; src/lut.sv                       ; yes             ; User SystemVerilog HDL File  ; E:/Intel_interview/rtl-model/quadra_aprox/src/lut.sv        ;         ;
+----------------------------------+-----------------+------------------------------+-------------------------------------------------------------+---------+


+-----------------------------------------------------------+
; Analysis & Synthesis Resource Usage Summary               ;
+---------------------------------------------+-------------+
; Resource                                    ; Usage       ;
+---------------------------------------------+-------------+
; Estimated Total logic elements              ; 3           ;
;                                             ;             ;
; Total combinational functions               ; 3           ;
; Logic element usage by number of LUT inputs ;             ;
;     -- 4 input functions                    ; 0           ;
;     -- 3 input functions                    ; 0           ;
;     -- <=2 input functions                  ; 3           ;
;                                             ;             ;
; Logic elements by mode                      ;             ;
;     -- normal mode                          ; 3           ;
;     -- arithmetic mode                      ; 0           ;
;                                             ;             ;
; Total registers                             ; 3           ;
;     -- Dedicated logic registers            ; 3           ;
;     -- I/O registers                        ; 0           ;
;                                             ;             ;
; I/O pins                                    ; 52          ;
;                                             ;             ;
; Embedded Multiplier 9-bit elements          ; 0           ;
;                                             ;             ;
; Maximum fan-out node                        ; rst_b~input ;
; Maximum fan-out                             ; 3           ;
; Total fan-out                               ; 65          ;
; Average fan-out                             ; 0.59        ;
+---------------------------------------------+-------------+


+------------------------------------------------------------------------------------------------------------------------------------------------------------------------------------------------------------------------------------+
; Analysis & Synthesis Resource Utilization by Entity                                                                                                                                                                                ;
+----------------------------+---------------------+---------------------------+-------------+------------+--------------+---------+-----------+------+--------------+------------+---------------------+-------------+--------------+
; Compilation Hierarchy Node ; Combinational ALUTs ; Dedicated Logic Registers ; Memory Bits ; UFM Blocks ; DSP Elements ; DSP 9x9 ; DSP 18x18 ; Pins ; Virtual Pins ; ADC blocks ; Full Hierarchy Name ; Entity Name ; Library Name ;
+----------------------------+---------------------+---------------------------+-------------+------------+--------------+---------+-----------+------+--------------+------------+---------------------+-------------+--------------+
; |quadra_top                ; 3 (3)               ; 3 (3)                     ; 0           ; 0          ; 0            ; 0       ; 0         ; 52   ; 0            ; 0          ; |quadra_top         ; quadra_top  ; work         ;
+----------------------------+---------------------+---------------------------+-------------+------------+--------------+---------+-----------+------+--------------+------------+---------------------+-------------+--------------+
Note: For table entries with two numbers listed, the numbers in parentheses indicate the number of resources of the given type used by the specific entity alone. The numbers listed outside of parentheses indicate the total resources of the given type used by the specific entity and all of its sub-entities in the hierarchy.


+------------------------------------------------------+
; General Register Statistics                          ;
+----------------------------------------------+-------+
; Statistic                                    ; Value ;
+----------------------------------------------+-------+
; Total registers                              ; 3     ;
; Number of registers using Synchronous Clear  ; 0     ;
; Number of registers using Synchronous Load   ; 0     ;
; Number of registers using Asynchronous Clear ; 0     ;
; Number of registers using Asynchronous Load  ; 0     ;
; Number of registers using Clock Enable       ; 0     ;
; Number of registers using Preset             ; 0     ;
+----------------------------------------------+-------+


+----------------------------------------------------------------------------------------------------------------+
; Port Connectivity Checks: "quadra:quadra_inst"                                                                 ;
+------+--------+----------+-------------------------------------------------------------------------------------+
; Port ; Type   ; Severity ; Details                                                                             ;
+------+--------+----------+-------------------------------------------------------------------------------------+
; y    ; Output ; Info     ; Connected to dangling logic. Logic that only feeds a dangling port will be removed. ;
+------+--------+----------+-------------------------------------------------------------------------------------+


+-----------------------------------------------------+
; Post-Synthesis Netlist Statistics for Top Partition ;
+-----------------------+-----------------------------+
; Type                  ; Count                       ;
+-----------------------+-----------------------------+
; boundary_port         ; 52                          ;
; cycloneiii_ff         ; 3                           ;
;     plain             ; 3                           ;
; cycloneiii_lcell_comb ; 4                           ;
;     normal            ; 4                           ;
;         0 data inputs ; 1                           ;
;         2 data inputs ; 3                           ;
;                       ;                             ;
; Max LUT depth         ; 1.00                        ;
; Average LUT depth     ; 0.70                        ;
+-----------------------+-----------------------------+


+-------------------------------+
; Elapsed Time Per Partition    ;
+----------------+--------------+
; Partition Name ; Elapsed Time ;
+----------------+--------------+
; Top            ; 00:00:00     ;
+----------------+--------------+


+-------------------------------+
; Analysis & Synthesis Messages ;
+-------------------------------+
Info: *******************************************************************
Info: Running Quartus Prime Analysis & Synthesis
    Info: Version 23.1std.0 Build 991 11/28/2023 SC Lite Edition
    Info: Processing started: Sun Apr 13 15:51:22 2025
Info: Command: quartus_map --read_settings_files=on --write_settings_files=off QuadraAprox -c QuadraAprox
Warning (18236): Number of processors has not been specified which may cause overloading on shared machines.  Set the global assignment NUM_PARALLEL_PROCESSORS in your QSF to an appropriate value for best performance.
Info (20030): Parallel compilation is enabled and will use 16 of the 16 processors detected
Info (12021): Found 1 design units, including 1 entities, in source file src/quadra.v
    Info (12023): Found entity 1: quadra File: E:/Intel_interview/rtl-model/quadra_aprox/src/quadra.v Line: 7
Info (12021): Found 1 design units, including 1 entities, in source file src/square.sv
    Info (12023): Found entity 1: square File: E:/Intel_interview/rtl-model/quadra_aprox/src/square.sv Line: 3
Info (12021): Found 1 design units, including 1 entities, in source file src/quadra_top.sv
    Info (12023): Found entity 1: quadra_top File: E:/Intel_interview/rtl-model/quadra_aprox/src/quadra_top.sv Line: 1
Info (12021): Found 1 design units, including 1 entities, in source file src/quadra_tb.sv
    Info (12023): Found entity 1: quadra_tb File: E:/Intel_interview/rtl-model/quadra_aprox/src/quadra_tb.sv Line: 15
Info (12021): Found 1 design units, including 1 entities, in source file src/lut.sv
    Info (12023): Found entity 1: lut File: E:/Intel_interview/rtl-model/quadra_aprox/src/lut.sv Line: 3
Info (12127): Elaborating entity "quadra_top" for the top level hierarchy
Info (12128): Elaborating entity "lut" for hierarchy "lut:lut_inst" File: E:/Intel_interview/rtl-model/quadra_aprox/src/quadra_top.sv Line: 44
Info (12128): Elaborating entity "quadra" for hierarchy "quadra:quadra_inst" File: E:/Intel_interview/rtl-model/quadra_aprox/src/quadra_top.sv Line: 56
Warning (10230): Verilog HDL assignment warning at quadra.v(27): truncated value with size 34 to match size of target (24) File: E:/Intel_interview/rtl-model/quadra_aprox/src/quadra.v Line: 27
Info (12128): Elaborating entity "square" for hierarchy "quadra:quadra_inst|square:sq_unit" File: E:/Intel_interview/rtl-model/quadra_aprox/src/quadra.v Line: 24
Warning (13024): Output pins are stuck at VCC or GND
    Warning (13410): Pin "y[0]" is stuck at GND File: E:/Intel_interview/rtl-model/quadra_aprox/src/quadra_top.sv Line: 7
    Warning (13410): Pin "y[1]" is stuck at GND File: E:/Intel_interview/rtl-model/quadra_aprox/src/quadra_top.sv Line: 7
    Warning (13410): Pin "y[2]" is stuck at GND File: E:/Intel_interview/rtl-model/quadra_aprox/src/quadra_top.sv Line: 7
    Warning (13410): Pin "y[3]" is stuck at GND File: E:/Intel_interview/rtl-model/quadra_aprox/src/quadra_top.sv Line: 7
    Warning (13410): Pin "y[4]" is stuck at GND File: E:/Intel_interview/rtl-model/quadra_aprox/src/quadra_top.sv Line: 7
    Warning (13410): Pin "y[5]" is stuck at GND File: E:/Intel_interview/rtl-model/quadra_aprox/src/quadra_top.sv Line: 7
    Warning (13410): Pin "y[6]" is stuck at GND File: E:/Intel_interview/rtl-model/quadra_aprox/src/quadra_top.sv Line: 7
    Warning (13410): Pin "y[7]" is stuck at GND File: E:/Intel_interview/rtl-model/quadra_aprox/src/quadra_top.sv Line: 7
    Warning (13410): Pin "y[8]" is stuck at GND File: E:/Intel_interview/rtl-model/quadra_aprox/src/quadra_top.sv Line: 7
    Warning (13410): Pin "y[9]" is stuck at GND File: E:/Intel_interview/rtl-model/quadra_aprox/src/quadra_top.sv Line: 7
    Warning (13410): Pin "y[10]" is stuck at GND File: E:/Intel_interview/rtl-model/quadra_aprox/src/quadra_top.sv Line: 7
    Warning (13410): Pin "y[11]" is stuck at GND File: E:/Intel_interview/rtl-model/quadra_aprox/src/quadra_top.sv Line: 7
    Warning (13410): Pin "y[12]" is stuck at GND File: E:/Intel_interview/rtl-model/quadra_aprox/src/quadra_top.sv Line: 7
    Warning (13410): Pin "y[13]" is stuck at GND File: E:/Intel_interview/rtl-model/quadra_aprox/src/quadra_top.sv Line: 7
    Warning (13410): Pin "y[14]" is stuck at GND File: E:/Intel_interview/rtl-model/quadra_aprox/src/quadra_top.sv Line: 7
    Warning (13410): Pin "y[15]" is stuck at GND File: E:/Intel_interview/rtl-model/quadra_aprox/src/quadra_top.sv Line: 7
    Warning (13410): Pin "y[16]" is stuck at GND File: E:/Intel_interview/rtl-model/quadra_aprox/src/quadra_top.sv Line: 7
    Warning (13410): Pin "y[17]" is stuck at GND File: E:/Intel_interview/rtl-model/quadra_aprox/src/quadra_top.sv Line: 7
    Warning (13410): Pin "y[18]" is stuck at GND File: E:/Intel_interview/rtl-model/quadra_aprox/src/quadra_top.sv Line: 7
    Warning (13410): Pin "y[19]" is stuck at GND File: E:/Intel_interview/rtl-model/quadra_aprox/src/quadra_top.sv Line: 7
    Warning (13410): Pin "y[20]" is stuck at GND File: E:/Intel_interview/rtl-model/quadra_aprox/src/quadra_top.sv Line: 7
    Warning (13410): Pin "y[21]" is stuck at GND File: E:/Intel_interview/rtl-model/quadra_aprox/src/quadra_top.sv Line: 7
    Warning (13410): Pin "y[22]" is stuck at GND File: E:/Intel_interview/rtl-model/quadra_aprox/src/quadra_top.sv Line: 7
    Warning (13410): Pin "y[23]" is stuck at GND File: E:/Intel_interview/rtl-model/quadra_aprox/src/quadra_top.sv Line: 7
Info (286030): Timing-Driven Synthesis is running
Info (16010): Generating hard_block partition "hard_block:auto_generated_inst"
    Info (16011): Adding 0 node(s), including 0 DDIO, 0 PLL, 0 transceiver and 0 LCELL
Warning (21074): Design contains 24 input pin(s) that do not drive logic
    Warning (15610): No output dependent on input pin "x[0]" File: E:/Intel_interview/rtl-model/quadra_aprox/src/quadra_top.sv Line: 5
    Warning (15610): No output dependent on input pin "x[1]" File: E:/Intel_interview/rtl-model/quadra_aprox/src/quadra_top.sv Line: 5
    Warning (15610): No output dependent on input pin "x[2]" File: E:/Intel_interview/rtl-model/quadra_aprox/src/quadra_top.sv Line: 5
    Warning (15610): No output dependent on input pin "x[3]" File: E:/Intel_interview/rtl-model/quadra_aprox/src/quadra_top.sv Line: 5
    Warning (15610): No output dependent on input pin "x[4]" File: E:/Intel_interview/rtl-model/quadra_aprox/src/quadra_top.sv Line: 5
    Warning (15610): No output dependent on input pin "x[5]" File: E:/Intel_interview/rtl-model/quadra_aprox/src/quadra_top.sv Line: 5
    Warning (15610): No output dependent on input pin "x[6]" File: E:/Intel_interview/rtl-model/quadra_aprox/src/quadra_top.sv Line: 5
    Warning (15610): No output dependent on input pin "x[7]" File: E:/Intel_interview/rtl-model/quadra_aprox/src/quadra_top.sv Line: 5
    Warning (15610): No output dependent on input pin "x[8]" File: E:/Intel_interview/rtl-model/quadra_aprox/src/quadra_top.sv Line: 5
    Warning (15610): No output dependent on input pin "x[9]" File: E:/Intel_interview/rtl-model/quadra_aprox/src/quadra_top.sv Line: 5
    Warning (15610): No output dependent on input pin "x[10]" File: E:/Intel_interview/rtl-model/quadra_aprox/src/quadra_top.sv Line: 5
    Warning (15610): No output dependent on input pin "x[11]" File: E:/Intel_interview/rtl-model/quadra_aprox/src/quadra_top.sv Line: 5
    Warning (15610): No output dependent on input pin "x[12]" File: E:/Intel_interview/rtl-model/quadra_aprox/src/quadra_top.sv Line: 5
    Warning (15610): No output dependent on input pin "x[13]" File: E:/Intel_interview/rtl-model/quadra_aprox/src/quadra_top.sv Line: 5
    Warning (15610): No output dependent on input pin "x[14]" File: E:/Intel_interview/rtl-model/quadra_aprox/src/quadra_top.sv Line: 5
    Warning (15610): No output dependent on input pin "x[15]" File: E:/Intel_interview/rtl-model/quadra_aprox/src/quadra_top.sv Line: 5
    Warning (15610): No output dependent on input pin "x[16]" File: E:/Intel_interview/rtl-model/quadra_aprox/src/quadra_top.sv Line: 5
    Warning (15610): No output dependent on input pin "x[17]" File: E:/Intel_interview/rtl-model/quadra_aprox/src/quadra_top.sv Line: 5
    Warning (15610): No output dependent on input pin "x[18]" File: E:/Intel_interview/rtl-model/quadra_aprox/src/quadra_top.sv Line: 5
    Warning (15610): No output dependent on input pin "x[19]" File: E:/Intel_interview/rtl-model/quadra_aprox/src/quadra_top.sv Line: 5
    Warning (15610): No output dependent on input pin "x[20]" File: E:/Intel_interview/rtl-model/quadra_aprox/src/quadra_top.sv Line: 5
    Warning (15610): No output dependent on input pin "x[21]" File: E:/Intel_interview/rtl-model/quadra_aprox/src/quadra_top.sv Line: 5
    Warning (15610): No output dependent on input pin "x[22]" File: E:/Intel_interview/rtl-model/quadra_aprox/src/quadra_top.sv Line: 5
    Warning (15610): No output dependent on input pin "x[23]" File: E:/Intel_interview/rtl-model/quadra_aprox/src/quadra_top.sv Line: 5
Info (21057): Implemented 55 device resources after synthesis - the final resource count might be different
    Info (21058): Implemented 27 input pins
    Info (21059): Implemented 25 output pins
    Info (21061): Implemented 3 logic cells
Info: Quartus Prime Analysis & Synthesis was successful. 0 errors, 52 warnings
    Info: Peak virtual memory: 4849 megabytes
    Info: Processing ended: Sun Apr 13 15:51:27 2025
    Info: Elapsed time: 00:00:05
    Info: Total CPU time (on all processors): 00:00:14


